=========================
Fcitx 5.0.16 -- Get Signal No.: 6
Date: try "date -d @1652907171" if you are using GNU date ***
ProcessID: 2875
/usr/bin/fcitx5(+0x147ec)[0x5652d9c7a7ec]
/usr/lib/libc.so.6(+0x3e8e0)[0x7f30be31b8e0]
/usr/lib/libc.so.6(+0x8e36c)[0x7f30be36b36c]
/usr/lib/libc.so.6(raise+0x18)[0x7f30be31b838]
/usr/lib/libc.so.6(abort+0xcf)[0x7f30be305535]
/usr/lib/libFcitx5Utils.so.2(+0x2d892)[0x7f30be7b6892]
/usr/lib/libsystemd.so.0(+0x20826)[0x7f30be20c826]
/usr/lib/libsystemd.so.0(+0x20706)[0x7f30be20c706]
/usr/lib/libsystemd.so.0(+0x20295)[0x7f30be20c295]
/usr/lib/libsystemd.so.0(+0x20706)[0x7f30be20c706]
/usr/lib/libsystemd.so.0(+0x20295)[0x7f30be20c295]
/usr/lib/libsystemd.so.0(+0x20706)[0x7f30be20c706]
/usr/lib/libsystemd.so.0(+0x20295)[0x7f30be20c295]
/usr/lib/libsystemd.so.0(+0x20706)[0x7f30be20c706]
/usr/lib/libsystemd.so.0(+0x20295)[0x7f30be20c295]
/usr/lib/libsystemd.so.0(+0x20706)[0x7f30be20c706]
/usr/lib/libsystemd.so.0(+0x20295)[0x7f30be20c295]
/usr/lib/libsystemd.so.0(+0x20706)[0x7f30be20c706]
/usr/lib/libsystemd.so.0(+0x2022e)[0x7f30be20c22e]
/usr/lib/libsystemd.so.0(+0x208a8)[0x7f30be20c8a8]
/usr/lib/libsystemd.so.0(+0x40058)[0x7f30be22c058]
/usr/lib/libsystemd.so.0(+0x47a37)[0x7f30be233a37]
/usr/lib/libsystemd.so.0(+0x48a58)[0x7f30be234a58]
/usr/lib/libsystemd.so.0(+0x5d697)[0x7f30be249697]
/usr/lib/libsystemd.so.0(sd_event_dispatch+0x17e)[0x7f30be2545ee]
/usr/lib/libsystemd.so.0(sd_event_run+0x99)[0x7f30be2547a9]
/usr/lib/libsystemd.so.0(sd_event_loop+0x60)[0x7f30be2549d0]
/usr/lib/libFcitx5Utils.so.2(_ZN5fcitx9EventLoop4execEv+0x12)[0x7f30be7d15b2]
/usr/lib/libFcitx5Core.so.7(_ZN5fcitx8Instance4execEv+0x57)[0x7f30be8bfb67]
/usr/bin/fcitx5(+0x135fe)[0x5652d9c795fe]
/usr/lib/libc.so.6(+0x29290)[0x7f30be306290]
/usr/lib/libc.so.6(__libc_start_main+0x8a)[0x7f30be30634a]
